{
  "uid" : "5a896d06615572ca",
  "name" : "test_open_to_edit_an_existing_article[chrome]",
  "fullName" : "test_src.Tests.test05_edit_article_from_txt_file.test_TC07.TestEditArticle#test_open_to_edit_an_existing_article",
  "historyId" : "6ebbd1d84852694a6221eb834575cc21",
  "time" : {
    "start" : 1629146550269,
    "stop" : 1629146550308,
    "duration" : 39
  },
  "status" : "broken",
  "statusMessage" : "AttributeError: 'TestEditArticle' object has no attribute 'pytest'",
  "statusTrace" : "self = <test_src.Tests.test05_edit_article_from_txt_file.test_TC07.TestEditArticle object at 0x7fc7f2eb6820>\n\n    def test_open_to_edit_an_existing_article(self):\n        try:\n            self.UserPage = UserPage(self.driver)\n            self.ArticlePage = ArticlePage(self.driver)\n>           assert self.UserPage.is_article_title_displayed() == TestData.inputs_article_form[0]\nE           AssertionError: assert 'Lorem ipsum dolor sit amet' == 'Teszt Post'\nE             - Teszt Post\nE             + Lorem ipsum dolor sit amet\n\ntest_src/Tests/test05_edit_article_from_txt_file/test_TC07.py:69: AssertionError\n\nDuring handling of the above exception, another exception occurred:\n\nself = <test_src.Tests.test05_edit_article_from_txt_file.test_TC07.TestEditArticle object at 0x7fc7f2eb6820>\n\n    def test_open_to_edit_an_existing_article(self):\n        try:\n            self.UserPage = UserPage(self.driver)\n            self.ArticlePage = ArticlePage(self.driver)\n            assert self.UserPage.is_article_title_displayed() == TestData.inputs_article_form[0]\n            # assert self.UserPage.is_article_text_displayed() == TestData.input_article_form_textarea\n            self.UserPage.click_article_title()\n            time.sleep(1)\n            assert self.ArticlePage.is_edit_article_btn_displayed() is True\n            self.ArticlePage.click_edit_article_btn()\n            time.sleep(3)\n        except AssertionError as err:\n>           self.pytest.fail(print(TestData.assert_error_msg, err))\nE           AttributeError: 'TestEditArticle' object has no attribute 'pytest'\n\ntest_src/Tests/test05_edit_article_from_txt_file/test_TC07.py:77: AttributeError",
  "flaky" : false,
  "newFailed" : false,
  "beforeStages" : [ {
    "name" : "init_driver",
    "time" : {
      "start" : 1629146536807,
      "stop" : 1629146538013,
      "duration" : 1206
    },
    "status" : "passed",
    "steps" : [ ],
    "attachments" : [ ],
    "parameters" : [ ],
    "stepsCount" : 0,
    "attachmentsCount" : 0,
    "shouldDisplayMessage" : false,
    "hasContent" : false
  } ],
  "afterStages" : [ {
    "name" : "init_driver::0",
    "time" : {
      "start" : 1629146561628,
      "stop" : 1629146561687,
      "duration" : 59
    },
    "status" : "passed",
    "steps" : [ ],
    "attachments" : [ ],
    "parameters" : [ ],
    "stepsCount" : 0,
    "attachmentsCount" : 0,
    "shouldDisplayMessage" : false,
    "hasContent" : false
  } ],
  "labels" : [ {
    "name" : "tag",
    "value" : "@pytest.mark.usefixtures('init_driver')"
  }, {
    "name" : "parentSuite",
    "value" : "test_src.Tests.test05_edit_article_from_txt_file"
  }, {
    "name" : "suite",
    "value" : "test_TC07"
  }, {
    "name" : "subSuite",
    "value" : "TestEditArticle"
  }, {
    "name" : "host",
    "value" : "fv-az77-942"
  }, {
    "name" : "thread",
    "value" : "3807-MainThread"
  }, {
    "name" : "framework",
    "value" : "pytest"
  }, {
    "name" : "language",
    "value" : "cpython3"
  }, {
    "name" : "package",
    "value" : "test_src.Tests.test05_edit_article_from_txt_file.test_TC07"
  }, {
    "name" : "resultFormat",
    "value" : "allure2"
  } ],
  "parameters" : [ {
    "name" : "init_driver",
    "value" : "'chrome'"
  } ],
  "links" : [ ],
  "hidden" : false,
  "retry" : false,
  "extra" : {
    "severity" : "normal",
    "retries" : [ ],
    "categories" : [ {
      "name" : "Test defects",
      "matchedStatuses" : [ ],
      "flaky" : false
    } ],
    "tags" : [ "@pytest.mark.usefixtures('init_driver')" ]
  },
  "source" : "5a896d06615572ca.json",
  "parameterValues" : [ "'chrome'" ]
}