{
  "uid" : "e9381e55aa73988e",
  "name" : "test_count_posts_after_delete_post[chrome]",
  "fullName" : "test_src.Tests.test06_delete_article.test_TC08.TestDeleteArticle#test_count_posts_after_delete_post",
  "historyId" : "1e053bdb0a91ca26641d91e44859e04e",
  "time" : {
    "start" : 1629147327013,
    "stop" : 1629147330370,
    "duration" : 3357
  },
  "status" : "broken",
  "statusMessage" : "AttributeError: 'TestDeleteArticle' object has no attribute 'pytest'",
  "statusTrace" : "self = <test_src.Tests.test06_delete_article.test_TC08.TestDeleteArticle object at 0x7fa4d5b161c0>\n\n    def test_count_posts_after_delete_post(self):\n        try:\n            self.MainPage = MainPage(self.driver)\n            assert self.MainPage.is_username_displayed() == TestData.reg_test_valid[0]\n            self.MainPage.scroll_to_end_of_the_page()\n            assert self.MainPage.is_next_btn_displayed() is True\n            assert self.MainPage.is_next_btn_selected() is False\n            self.MainPage.click_next_btn_topic_list()\n            time.sleep(3)\n            # assert self.MainPage.is_next_btn_selected() is True\n>           assert self.MainPage.count_post_fields() == 1\nE           AssertionError: assert 11 == 1\nE            +  where 11 = <bound method MainPage.count_post_fields of <test_src.Pages.MainPage.MainPage object at 0x7fa4d5b06310>>()\nE            +    where <bound method MainPage.count_post_fields of <test_src.Pages.MainPage.MainPage object at 0x7fa4d5b06310>> = <test_src.Pages.MainPage.MainPage object at 0x7fa4d5b06310>.count_post_fields\nE            +      where <test_src.Pages.MainPage.MainPage object at 0x7fa4d5b06310> = <test_src.Tests.test06_delete_article.test_TC08.TestDeleteArticle object at 0x7fa4d5b161c0>.MainPage\n\ntest_src/Tests/test06_delete_article/test_TC08.py:98: AssertionError\n\nDuring handling of the above exception, another exception occurred:\n\nself = <test_src.Tests.test06_delete_article.test_TC08.TestDeleteArticle object at 0x7fa4d5b161c0>\n\n    def test_count_posts_after_delete_post(self):\n        try:\n            self.MainPage = MainPage(self.driver)\n            assert self.MainPage.is_username_displayed() == TestData.reg_test_valid[0]\n            self.MainPage.scroll_to_end_of_the_page()\n            assert self.MainPage.is_next_btn_displayed() is True\n            assert self.MainPage.is_next_btn_selected() is False\n            self.MainPage.click_next_btn_topic_list()\n            time.sleep(3)\n            # assert self.MainPage.is_next_btn_selected() is True\n            assert self.MainPage.count_post_fields() == 1\n            assert self.MainPage.is_log_out_btn_displayed() is True\n            self.MainPage.click_log_out_btn()\n        except AssertionError as err:\n>           self.pytest.fail(print(TestData.assert_error_msg, err))\nE           AttributeError: 'TestDeleteArticle' object has no attribute 'pytest'\n\ntest_src/Tests/test06_delete_article/test_TC08.py:102: AttributeError",
  "flaky" : false,
  "newFailed" : false,
  "beforeStages" : [ {
    "name" : "init_driver",
    "time" : {
      "start" : 1629147304057,
      "stop" : 1629147305285,
      "duration" : 1228
    },
    "status" : "passed",
    "steps" : [ ],
    "attachments" : [ ],
    "parameters" : [ ],
    "stepsCount" : 0,
    "attachmentsCount" : 0,
    "shouldDisplayMessage" : false,
    "hasContent" : false
  } ],
  "afterStages" : [ {
    "name" : "init_driver::0",
    "time" : {
      "start" : 1629147330656,
      "stop" : 1629147330718,
      "duration" : 62
    },
    "status" : "passed",
    "steps" : [ ],
    "attachments" : [ ],
    "parameters" : [ ],
    "stepsCount" : 0,
    "attachmentsCount" : 0,
    "shouldDisplayMessage" : false,
    "hasContent" : false
  } ],
  "labels" : [ {
    "name" : "tag",
    "value" : "@pytest.mark.usefixtures('init_driver')"
  }, {
    "name" : "parentSuite",
    "value" : "test_src.Tests.test06_delete_article"
  }, {
    "name" : "suite",
    "value" : "test_TC08"
  }, {
    "name" : "subSuite",
    "value" : "TestDeleteArticle"
  }, {
    "name" : "host",
    "value" : "fv-az36-878"
  }, {
    "name" : "thread",
    "value" : "3783-MainThread"
  }, {
    "name" : "framework",
    "value" : "pytest"
  }, {
    "name" : "language",
    "value" : "cpython3"
  }, {
    "name" : "package",
    "value" : "test_src.Tests.test06_delete_article.test_TC08"
  }, {
    "name" : "resultFormat",
    "value" : "allure2"
  } ],
  "parameters" : [ {
    "name" : "init_driver",
    "value" : "'chrome'"
  } ],
  "links" : [ ],
  "hidden" : false,
  "retry" : false,
  "extra" : {
    "severity" : "normal",
    "retries" : [ ],
    "categories" : [ {
      "name" : "Test defects",
      "matchedStatuses" : [ ],
      "flaky" : false
    } ],
    "tags" : [ "@pytest.mark.usefixtures('init_driver')" ]
  },
  "source" : "e9381e55aa73988e.json",
  "parameterValues" : [ "'chrome'" ]
}