{
  "uid" : "c7bbee86830ef7b2",
  "name" : "test_check_scroll_in_the_list[chrome]",
  "fullName" : "test_src.Tests.test07_scroll_list.test_TC09.TestScrollList#test_check_scroll_in_the_list",
  "historyId" : "0ba54b6cdbb0eaedf615627e869cd51c",
  "time" : {
    "start" : 1629069511606,
    "stop" : 1629069515060,
    "duration" : 3454
  },
  "status" : "broken",
  "statusMessage" : "AttributeError: 'TestScrollList' object has no attribute 'pytest'",
  "statusTrace" : "self = <test_src.Tests.test07_scroll_list.test_TC09.TestScrollList object at 0x7ff46a04b4f0>\n\n    def test_check_scroll_in_the_list(self):\n        try:\n            self.MainPage = MainPage(self.driver)\n            assert self.MainPage.is_username_displayed() == TestData.reg_test_valid[0]\n            assert self.MainPage.count_post_fields() == 11\n            self.MainPage.scroll_to_end_of_the_page()\n            assert self.MainPage.is_next_btn_displayed() is True\n            assert self.MainPage.is_next_btn_selected() is False\n            self.MainPage.click_next_btn_topic_list()\n            time.sleep(3)\n            # assert self.MainPage.is_next_btn_selected() is True\n>           assert self.MainPage.count_post_fields() == 1\nE           AssertionError: assert 11 == 1\nE            +  where 11 = <bound method MainPage.count_post_fields of <test_src.Pages.MainPage.MainPage object at 0x7ff46a04bb50>>()\nE            +    where <bound method MainPage.count_post_fields of <test_src.Pages.MainPage.MainPage object at 0x7ff46a04bb50>> = <test_src.Pages.MainPage.MainPage object at 0x7ff46a04bb50>.count_post_fields\nE            +      where <test_src.Pages.MainPage.MainPage object at 0x7ff46a04bb50> = <test_src.Tests.test07_scroll_list.test_TC09.TestScrollList object at 0x7ff46a04b4f0>.MainPage\n\ntest_src/Tests/test07_scroll_list/test_TC09.py:57: AssertionError\n\nDuring handling of the above exception, another exception occurred:\n\nself = <test_src.Tests.test07_scroll_list.test_TC09.TestScrollList object at 0x7ff46a04b4f0>\n\n    def test_check_scroll_in_the_list(self):\n        try:\n            self.MainPage = MainPage(self.driver)\n            assert self.MainPage.is_username_displayed() == TestData.reg_test_valid[0]\n            assert self.MainPage.count_post_fields() == 11\n            self.MainPage.scroll_to_end_of_the_page()\n            assert self.MainPage.is_next_btn_displayed() is True\n            assert self.MainPage.is_next_btn_selected() is False\n            self.MainPage.click_next_btn_topic_list()\n            time.sleep(3)\n            # assert self.MainPage.is_next_btn_selected() is True\n            assert self.MainPage.count_post_fields() == 1\n            assert self.MainPage.is_log_out_btn_displayed() is True\n            self.MainPage.click_log_out_btn()\n            time.sleep(1)\n        except AssertionError as err:\n>           self.pytest.fail(TestData.assert_error_msg, err)\nE           AttributeError: 'TestScrollList' object has no attribute 'pytest'\n\ntest_src/Tests/test07_scroll_list/test_TC09.py:62: AttributeError",
  "flaky" : false,
  "newFailed" : false,
  "beforeStages" : [ {
    "name" : "init_driver",
    "time" : {
      "start" : 1629069505514,
      "stop" : 1629069506766,
      "duration" : 1252
    },
    "status" : "passed",
    "steps" : [ ],
    "attachments" : [ ],
    "parameters" : [ ],
    "stepsCount" : 0,
    "attachmentsCount" : 0,
    "shouldDisplayMessage" : false,
    "hasContent" : false
  } ],
  "afterStages" : [ {
    "name" : "init_driver::0",
    "time" : {
      "start" : 1629069515420,
      "stop" : 1629069515478,
      "duration" : 58
    },
    "status" : "passed",
    "steps" : [ ],
    "attachments" : [ ],
    "parameters" : [ ],
    "stepsCount" : 0,
    "attachmentsCount" : 0,
    "shouldDisplayMessage" : false,
    "hasContent" : false
  } ],
  "labels" : [ {
    "name" : "tag",
    "value" : "@pytest.mark.usefixtures('init_driver')"
  }, {
    "name" : "parentSuite",
    "value" : "test_src.Tests.test07_scroll_list"
  }, {
    "name" : "suite",
    "value" : "test_TC09"
  }, {
    "name" : "subSuite",
    "value" : "TestScrollList"
  }, {
    "name" : "host",
    "value" : "fv-az33-581"
  }, {
    "name" : "thread",
    "value" : "3778-MainThread"
  }, {
    "name" : "framework",
    "value" : "pytest"
  }, {
    "name" : "language",
    "value" : "cpython3"
  }, {
    "name" : "package",
    "value" : "test_src.Tests.test07_scroll_list.test_TC09"
  }, {
    "name" : "resultFormat",
    "value" : "allure2"
  } ],
  "parameters" : [ {
    "name" : "init_driver",
    "value" : "'chrome'"
  } ],
  "links" : [ ],
  "hidden" : false,
  "retry" : false,
  "extra" : {
    "severity" : "normal",
    "retries" : [ ],
    "categories" : [ {
      "name" : "Test defects",
      "matchedStatuses" : [ ],
      "flaky" : false
    } ],
    "tags" : [ "@pytest.mark.usefixtures('init_driver')" ]
  },
  "source" : "c7bbee86830ef7b2.json",
  "parameterValues" : [ "'chrome'" ]
}