{
  "uid" : "e51e2209cec0b42d",
  "name" : "test_count_before_delete[chrome]",
  "fullName" : "test_src.Tests.test06_delete_article.test_TC08.TestDeleteArticle#test_count_before_delete",
  "historyId" : "c160d88166e9068ab34d601b829dd922",
  "time" : {
    "start" : 1629090440730,
    "stop" : 1629090444148,
    "duration" : 3418
  },
  "status" : "broken",
  "statusMessage" : "AttributeError: 'TestDeleteArticle' object has no attribute 'pytest'",
  "statusTrace" : "self = <test_src.Tests.test06_delete_article.test_TC08.TestDeleteArticle object at 0x7f0dd26356d0>\n\n    def test_count_before_delete(self):\n        try:\n            self.MainPage = MainPage(self.driver)\n            self.UserPage = UserPage(self.driver)\n            assert self.MainPage.is_username_displayed() == TestData.reg_test_valid[0]\n            self.MainPage.scroll_to_end_of_the_page()\n            assert self.MainPage.is_next_btn_displayed() is True\n            assert self.MainPage.is_next_btn_selected() is False\n            self.MainPage.click_next_btn_topic_list()\n            time.sleep(3)\n            # assert self.MainPage.is_next_btn_selected() is True\n>           assert self.MainPage.count_post_fields() == 2\nE           AssertionError: assert 12 == 2\nE            +  where 12 = <bound method MainPage.count_post_fields of <test_src.Pages.MainPage.MainPage object at 0x7f0dd2695550>>()\nE            +    where <bound method MainPage.count_post_fields of <test_src.Pages.MainPage.MainPage object at 0x7f0dd2695550>> = <test_src.Pages.MainPage.MainPage object at 0x7f0dd2695550>.count_post_fields\nE            +      where <test_src.Pages.MainPage.MainPage object at 0x7f0dd2695550> = <test_src.Tests.test06_delete_article.test_TC08.TestDeleteArticle object at 0x7f0dd26356d0>.MainPage\n\ntest_src/Tests/test06_delete_article/test_TC08.py:60: AssertionError\n\nDuring handling of the above exception, another exception occurred:\n\nself = <test_src.Tests.test06_delete_article.test_TC08.TestDeleteArticle object at 0x7f0dd26356d0>\n\n    def test_count_before_delete(self):\n        try:\n            self.MainPage = MainPage(self.driver)\n            self.UserPage = UserPage(self.driver)\n            assert self.MainPage.is_username_displayed() == TestData.reg_test_valid[0]\n            self.MainPage.scroll_to_end_of_the_page()\n            assert self.MainPage.is_next_btn_displayed() is True\n            assert self.MainPage.is_next_btn_selected() is False\n            self.MainPage.click_next_btn_topic_list()\n            time.sleep(3)\n            # assert self.MainPage.is_next_btn_selected() is True\n            assert self.MainPage.count_post_fields() == 2\n            self.MainPage.click_user_btn()\n            time.sleep(3)\n            assert self.UserPage.is_home_btn_displayed() is True\n            self.UserPage.click_home_btn()\n            time.sleep(3)\n            self.MainPage.click_user_btn()\n            time.sleep(3)\n        except AssertionError as err:\n>           self.pytest.fail(TestData.assert_error_msg, err)\nE           AttributeError: 'TestDeleteArticle' object has no attribute 'pytest'\n\ntest_src/Tests/test06_delete_article/test_TC08.py:69: AttributeError",
  "flaky" : false,
  "newFailed" : false,
  "beforeStages" : [ {
    "name" : "init_driver",
    "time" : {
      "start" : 1629090434684,
      "stop" : 1629090435914,
      "duration" : 1230
    },
    "status" : "passed",
    "steps" : [ ],
    "attachments" : [ ],
    "parameters" : [ ],
    "stepsCount" : 0,
    "attachmentsCount" : 0,
    "shouldDisplayMessage" : false,
    "hasContent" : false
  } ],
  "afterStages" : [ {
    "name" : "init_driver::0",
    "time" : {
      "start" : 1629090454149,
      "stop" : 1629090454215,
      "duration" : 66
    },
    "status" : "passed",
    "steps" : [ ],
    "attachments" : [ ],
    "parameters" : [ ],
    "stepsCount" : 0,
    "attachmentsCount" : 0,
    "shouldDisplayMessage" : false,
    "hasContent" : false
  } ],
  "labels" : [ {
    "name" : "tag",
    "value" : "@pytest.mark.usefixtures('init_driver')"
  }, {
    "name" : "parentSuite",
    "value" : "test_src.Tests.test06_delete_article"
  }, {
    "name" : "suite",
    "value" : "test_TC08"
  }, {
    "name" : "subSuite",
    "value" : "TestDeleteArticle"
  }, {
    "name" : "host",
    "value" : "fv-az39-430"
  }, {
    "name" : "thread",
    "value" : "3803-MainThread"
  }, {
    "name" : "framework",
    "value" : "pytest"
  }, {
    "name" : "language",
    "value" : "cpython3"
  }, {
    "name" : "package",
    "value" : "test_src.Tests.test06_delete_article.test_TC08"
  }, {
    "name" : "resultFormat",
    "value" : "allure2"
  } ],
  "parameters" : [ {
    "name" : "init_driver",
    "value" : "'chrome'"
  } ],
  "links" : [ ],
  "hidden" : false,
  "retry" : false,
  "extra" : {
    "severity" : "normal",
    "retries" : [ ],
    "categories" : [ {
      "name" : "Test defects",
      "matchedStatuses" : [ ],
      "flaky" : false
    } ],
    "tags" : [ "@pytest.mark.usefixtures('init_driver')" ]
  },
  "source" : "e51e2209cec0b42d.json",
  "parameterValues" : [ "'chrome'" ]
}