{
  "uid" : "f6bfafcf893e2a0b",
  "name" : "test_check_scroll_in_the_list[chrome]",
  "fullName" : "test_src.Tests.test07_scroll_list.test_TC09.TestScrollList#test_check_scroll_in_the_list",
  "historyId" : "0ba54b6cdbb0eaedf615627e869cd51c",
  "time" : {
    "start" : 1629090150335,
    "stop" : 1629090150484,
    "duration" : 149
  },
  "status" : "broken",
  "statusMessage" : "AttributeError: 'TestScrollList' object has no attribute 'pytest'",
  "statusTrace" : "self = <test_src.Tests.test07_scroll_list.test_TC09.TestScrollList object at 0x7f16893bf730>\n\n    def test_check_scroll_in_the_list(self):\n        try:\n            self.MainPage = MainPage(self.driver)\n            assert self.MainPage.is_username_displayed() == TestData.reg_test_valid[0]\n>           assert self.MainPage.count_post_fields() == 11\nE           AssertionError: assert 12 == 11\nE            +  where 12 = <bound method MainPage.count_post_fields of <test_src.Pages.MainPage.MainPage object at 0x7f16893e8610>>()\nE            +    where <bound method MainPage.count_post_fields of <test_src.Pages.MainPage.MainPage object at 0x7f16893e8610>> = <test_src.Pages.MainPage.MainPage object at 0x7f16893e8610>.count_post_fields\nE            +      where <test_src.Pages.MainPage.MainPage object at 0x7f16893e8610> = <test_src.Tests.test07_scroll_list.test_TC09.TestScrollList object at 0x7f16893bf730>.MainPage\n\ntest_src/Tests/test07_scroll_list/test_TC09.py:50: AssertionError\n\nDuring handling of the above exception, another exception occurred:\n\nself = <test_src.Tests.test07_scroll_list.test_TC09.TestScrollList object at 0x7f16893bf730>\n\n    def test_check_scroll_in_the_list(self):\n        try:\n            self.MainPage = MainPage(self.driver)\n            assert self.MainPage.is_username_displayed() == TestData.reg_test_valid[0]\n            assert self.MainPage.count_post_fields() == 11\n            self.MainPage.scroll_to_end_of_the_page()\n            assert self.MainPage.is_next_btn_displayed() is True\n            assert self.MainPage.is_next_btn_selected() is False\n            self.MainPage.click_next_btn_topic_list()\n            time.sleep(3)\n            # assert self.MainPage.is_next_btn_selected() is True\n            assert self.MainPage.count_post_fields() == 1\n            assert self.MainPage.is_log_out_btn_displayed() is True\n            self.MainPage.click_log_out_btn()\n            time.sleep(1)\n        except AssertionError as err:\n>           self.pytest.fail(TestData.assert_error_msg, err)\nE           AttributeError: 'TestScrollList' object has no attribute 'pytest'\n\ntest_src/Tests/test07_scroll_list/test_TC09.py:62: AttributeError",
  "flaky" : false,
  "newFailed" : false,
  "beforeStages" : [ {
    "name" : "init_driver",
    "time" : {
      "start" : 1629090144327,
      "stop" : 1629090145537,
      "duration" : 1210
    },
    "status" : "passed",
    "steps" : [ ],
    "attachments" : [ ],
    "parameters" : [ ],
    "stepsCount" : 0,
    "attachmentsCount" : 0,
    "shouldDisplayMessage" : false,
    "hasContent" : false
  } ],
  "afterStages" : [ {
    "name" : "init_driver::0",
    "time" : {
      "start" : 1629090150711,
      "stop" : 1629090150776,
      "duration" : 65
    },
    "status" : "passed",
    "steps" : [ ],
    "attachments" : [ ],
    "parameters" : [ ],
    "stepsCount" : 0,
    "attachmentsCount" : 0,
    "shouldDisplayMessage" : false,
    "hasContent" : false
  } ],
  "labels" : [ {
    "name" : "tag",
    "value" : "@pytest.mark.usefixtures('init_driver')"
  }, {
    "name" : "parentSuite",
    "value" : "test_src.Tests.test07_scroll_list"
  }, {
    "name" : "suite",
    "value" : "test_TC09"
  }, {
    "name" : "subSuite",
    "value" : "TestScrollList"
  }, {
    "name" : "host",
    "value" : "fv-az74-944"
  }, {
    "name" : "thread",
    "value" : "3757-MainThread"
  }, {
    "name" : "framework",
    "value" : "pytest"
  }, {
    "name" : "language",
    "value" : "cpython3"
  }, {
    "name" : "package",
    "value" : "test_src.Tests.test07_scroll_list.test_TC09"
  }, {
    "name" : "resultFormat",
    "value" : "allure2"
  } ],
  "parameters" : [ {
    "name" : "init_driver",
    "value" : "'chrome'"
  } ],
  "links" : [ ],
  "hidden" : false,
  "retry" : false,
  "extra" : {
    "severity" : "normal",
    "retries" : [ ],
    "categories" : [ {
      "name" : "Test defects",
      "matchedStatuses" : [ ],
      "flaky" : false
    } ],
    "tags" : [ "@pytest.mark.usefixtures('init_driver')" ]
  },
  "source" : "f6bfafcf893e2a0b.json",
  "parameterValues" : [ "'chrome'" ]
}