{
  "uid" : "3125c68910709efa",
  "name" : "test_check_edited_article[chrome]",
  "fullName" : "test_src.Tests.test05_edit_article_from_txt_file.test_TC07.TestEditArticle#test_check_edited_article",
  "historyId" : "4a29c92bcd751b9b575a97574d58c29d",
  "time" : {
    "start" : 1629232837122,
    "stop" : 1629232837155,
    "duration" : 33
  },
  "status" : "broken",
  "statusMessage" : "AttributeError: 'TestEditArticle' object has no attribute 'pytest'",
  "statusTrace" : "self = <test_src.Tests.test05_edit_article_from_txt_file.test_TC07.TestEditArticle object at 0x7f9c44f18df0>\n\n    def test_check_edited_article(self):\n        try:\n            self.ArticlePage = ArticlePage(self.driver)\n>           assert self.ArticlePage.is_article_title_displayed() == TestData.inputs_article_form_changes[0]\nE           AssertionError: assert 'Teszt PostTe...t változtatás' == 'Teszt Post változtatás'\nE             - Teszt Post változtatás\nE             + Teszt PostTeszt Post változtatás\nE             ?           ++++++++++\n\ntest_src/Tests/test05_edit_article_from_txt_file/test_TC07.py:109: AssertionError\n\nDuring handling of the above exception, another exception occurred:\n\nself = <test_src.Tests.test05_edit_article_from_txt_file.test_TC07.TestEditArticle object at 0x7f9c44f18df0>\n\n    def test_check_edited_article(self):\n        try:\n            self.ArticlePage = ArticlePage(self.driver)\n            assert self.ArticlePage.is_article_title_displayed() == TestData.inputs_article_form_changes[0]\n            # assert self.ArticlePage.is_article_text_displayed() == TestData.input_article_form_textarea_change\n            assert self.ArticlePage.is_log_out_btn_is_displayed() is True\n            self.ArticlePage.click_log_out_btn()\n        except AssertionError as err:\n>           self.pytest.fail(print(TestData.assert_error_msg, err))\nE           AttributeError: 'TestEditArticle' object has no attribute 'pytest'\n\ntest_src/Tests/test05_edit_article_from_txt_file/test_TC07.py:114: AttributeError",
  "flaky" : false,
  "newFailed" : false,
  "beforeStages" : [ {
    "name" : "init_driver",
    "time" : {
      "start" : 1629232805842,
      "stop" : 1629232806049,
      "duration" : 207
    },
    "status" : "passed",
    "steps" : [ ],
    "attachments" : [ ],
    "parameters" : [ ],
    "stepsCount" : 0,
    "attachmentsCount" : 0,
    "shouldDisplayMessage" : false,
    "hasContent" : false
  } ],
  "afterStages" : [ {
    "name" : "init_driver::0",
    "time" : {
      "start" : 1629232837339,
      "stop" : 1629232837402,
      "duration" : 63
    },
    "status" : "passed",
    "steps" : [ ],
    "attachments" : [ ],
    "parameters" : [ ],
    "stepsCount" : 0,
    "attachmentsCount" : 0,
    "shouldDisplayMessage" : false,
    "hasContent" : false
  } ],
  "labels" : [ {
    "name" : "tag",
    "value" : "@pytest.mark.usefixtures('init_driver')"
  }, {
    "name" : "parentSuite",
    "value" : "test_src.Tests.test05_edit_article_from_txt_file"
  }, {
    "name" : "suite",
    "value" : "test_TC07"
  }, {
    "name" : "subSuite",
    "value" : "TestEditArticle"
  }, {
    "name" : "host",
    "value" : "fv-az83-93"
  }, {
    "name" : "thread",
    "value" : "3805-MainThread"
  }, {
    "name" : "framework",
    "value" : "pytest"
  }, {
    "name" : "language",
    "value" : "cpython3"
  }, {
    "name" : "package",
    "value" : "test_src.Tests.test05_edit_article_from_txt_file.test_TC07"
  }, {
    "name" : "resultFormat",
    "value" : "allure2"
  } ],
  "parameters" : [ {
    "name" : "init_driver",
    "value" : "'chrome'"
  } ],
  "links" : [ ],
  "hidden" : false,
  "retry" : false,
  "extra" : {
    "severity" : "normal",
    "retries" : [ ],
    "categories" : [ {
      "name" : "Test defects",
      "matchedStatuses" : [ ],
      "flaky" : false
    } ],
    "tags" : [ "@pytest.mark.usefixtures('init_driver')" ]
  },
  "source" : "3125c68910709efa.json",
  "parameterValues" : [ "'chrome'" ]
}